<?xml version="1.0" encoding="UTF-8"?>
<!-- Generated by org.testng.reporters.JUnitXMLReporter -->
<testsuite ignored="0" hostname="DESKTOP-TV9Q0GU" failures="0" tests="2" name="BankingApp Test" time="31.983" errors="0" timestamp="19 Mar 2021 10:59:23 GMT">
  <testcase classname="com.inetBanking.testCases.TC_LoginTest_001" name="loginTest" time="3.64"/>
  <testcase classname="com.inetBanking.testCases.TC_AddCustomerTest_003" name="addNewCustomer" time="14.801"/>
</testsuite> <!-- BankingApp Test -->
