<?xml version="1.0" encoding="UTF-8"?>
<testsuite name="TestSuite" time="11.748" tests="5" errors="0" skipped="0" failures="2">
  <properties>
[...]
</properties>
  <testcase name="loginDDT" classname="com.inetBanking.testCases.TC_LoginDDT_002" time="11.748"/>
  <testcase name="loginDDT" classname="com.inetBanking.testCases.TC_LoginDDT_002" time="5.753">
    <failure message="expected [true] but found [false]" type="java.lang.AssertionError">java.lang.AssertionError: expected [true] but found [false]
	at org.testng.Assert.fail(Assert.java:96)
	at org.testng.Assert.failNotEquals(Assert.java:776)
	at org.testng.Assert.assertTrue(Assert.java:44)
	at org.testng.Assert.assertTrue(Assert.java:54)
	at com.inetBanking.testCases.TC_LoginDDT_002.loginDDT(TC_LoginDDT_002.java:31)
</failure>
    <system-out><![CDATA[INFO  ebanking - Entered Username
INFO  ebanking - Entered Password
]]></system-out>
  </testcase>
  <testcase name="loginDDT" classname="com.inetBanking.testCases.TC_LoginDDT_002" time="10.286"/>
  <testcase name="loginDDT" classname="com.inetBanking.testCases.TC_LoginDDT_002" time="5.897">
    <failure message="expected [true] but found [false]" type="java.lang.AssertionError">java.lang.AssertionError: expected [true] but found [false]
	at org.testng.Assert.fail(Assert.java:96)
	at org.testng.Assert.failNotEquals(Assert.java:776)
	at org.testng.Assert.assertTrue(Assert.java:44)
	at org.testng.Assert.assertTrue(Assert.java:54)
	at com.inetBanking.testCases.TC_LoginDDT_002.loginDDT(TC_LoginDDT_002.java:31)
</failure>
    <system-out><![CDATA[INFO  ebanking - Entered Username
INFO  ebanking - Entered Password
]]></system-out>
  </testcase>
  <testcase name="loginDDT" classname="com.inetBanking.testCases.TC_LoginDDT_002" time="10.538"/>
</testsuite>