<?xml version="1.0" encoding="UTF-8"?>
<testng-results ignored="0" total="2" passed="2" failed="0" skipped="0">
  <reporter-output>
  </reporter-output>
  <suite started-at="2021-03-19T10:58:51Z" name="inetBankingV1" finished-at="2021-03-19T10:59:23Z" duration-ms="31983">
    <groups>
    </groups>
    <test started-at="2021-03-19T10:58:51Z" name="BankingApp Test" finished-at="2021-03-19T10:59:23Z" duration-ms="31983">
      <class name="com.inetBanking.testCases.TC_LoginTest_001">
        <test-method is-config="true" signature="setup(java.lang.String)[pri:0, instance:com.inetBanking.testCases.TC_LoginTest_001@6aba2b86]" started-at="2021-03-19T10:58:51Z" name="setup" finished-at="2021-03-19T10:58:58Z" duration-ms="6607" status="PASS">
          <params>
            <param index="0">
              <value>
                <![CDATA[chrome]]>
              </value>
            </param>
          </params>
          <reporter-output>
          </reporter-output>
        </test-method> <!-- setup -->
        <test-method signature="loginTest()[pri:0, instance:com.inetBanking.testCases.TC_LoginTest_001@6aba2b86]" started-at="2021-03-19T10:58:58Z" name="loginTest" finished-at="2021-03-19T10:59:01Z" duration-ms="3640" status="PASS">
          <reporter-output>
          </reporter-output>
        </test-method> <!-- loginTest -->
        <test-method is-config="true" signature="tearDown()[pri:0, instance:com.inetBanking.testCases.TC_LoginTest_001@6aba2b86]" started-at="2021-03-19T10:59:01Z" name="tearDown" finished-at="2021-03-19T10:59:02Z" duration-ms="639" status="PASS">
          <reporter-output>
          </reporter-output>
        </test-method> <!-- tearDown -->
      </class> <!-- com.inetBanking.testCases.TC_LoginTest_001 -->
      <class name="com.inetBanking.testCases.TC_AddCustomerTest_003">
        <test-method is-config="true" signature="setup(java.lang.String)[pri:0, instance:com.inetBanking.testCases.TC_AddCustomerTest_003@158da8e]" started-at="2021-03-19T10:59:02Z" name="setup" finished-at="2021-03-19T10:59:07Z" duration-ms="5222" status="PASS">
          <params>
            <param index="0">
              <value>
                <![CDATA[chrome]]>
              </value>
            </param>
          </params>
          <reporter-output>
          </reporter-output>
        </test-method> <!-- setup -->
        <test-method signature="addNewCustomer()[pri:0, instance:com.inetBanking.testCases.TC_AddCustomerTest_003@158da8e]" started-at="2021-03-19T10:59:07Z" name="addNewCustomer" finished-at="2021-03-19T10:59:22Z" duration-ms="14801" status="PASS">
          <reporter-output>
          </reporter-output>
        </test-method> <!-- addNewCustomer -->
        <test-method is-config="true" signature="tearDown()[pri:0, instance:com.inetBanking.testCases.TC_AddCustomerTest_003@158da8e]" started-at="2021-03-19T10:59:22Z" name="tearDown" finished-at="2021-03-19T10:59:23Z" duration-ms="624" status="PASS">
          <reporter-output>
          </reporter-output>
        </test-method> <!-- tearDown -->
      </class> <!-- com.inetBanking.testCases.TC_AddCustomerTest_003 -->
    </test> <!-- BankingApp Test -->
  </suite> <!-- inetBankingV1 -->
</testng-results>
